<?xml version="1.0" encoding="UTF-8"?>
<testng-results ignored="0" total="13" passed="6" failed="7" skipped="0">
  <reporter-output>
  </reporter-output>
  <suite started-at="2021-01-30T19:33:44Z" name="Surefire suite" finished-at="2021-01-30T19:34:14Z" duration-ms="29924">
    <groups>
      <group name="cucumber">
        <method signature="AbstractTestNGCucumberTests.runScenario(io.cucumber.testng.PickleWrapper, io.cucumber.testng.FeatureWrapper)[pri:0, instance:parallel.ParallelRun@319b92f3]" name="runScenario" class="io.cucumber.testng.AbstractTestNGCucumberTests"/>
      </group> <!-- cucumber -->
    </groups>
    <test started-at="2021-01-30T19:33:44Z" name="Surefire test" finished-at="2021-01-30T19:34:14Z" duration-ms="29924">
      <class name="parallel.ParallelRun">
        <test-method is-config="true" signature="setUpClass()[pri:0, instance:parallel.ParallelRun@319b92f3]" started-at="2021-01-30T19:33:44Z" name="setUpClass" finished-at="2021-01-30T19:33:45Z" duration-ms="510" status="PASS">
          <reporter-output>
          </reporter-output>
        </test-method> <!-- setUpClass -->
        <test-method signature="runScenario(io.cucumber.testng.PickleWrapper, io.cucumber.testng.FeatureWrapper)[pri:0, instance:parallel.ParallelRun@319b92f3]" started-at="2021-01-30T19:33:45Z" name="runScenario" description="Runs Cucumber Scenarios" data-provider="scenarios" finished-at="2021-01-30T19:33:56Z" duration-ms="10689" status="FAIL">
          <params>
            <param index="0">
              <value>
                <![CDATA["Contact Us scenario with different set of data"]]>
              </value>
            </param>
            <param index="1">
              <value>
                <![CDATA["Optional[Contact Us Feature]"]]>
              </value>
            </param>
          </params>
          <exception class="java.io.FileNotFoundException">
            <message>
              <![CDATA[/Users/naveenautomationlabs/Desktop/automation.xlsx]]>
            </message>
            <full-stacktrace>
              <![CDATA[java.io.FileNotFoundException: /Users/naveenautomationlabs/Desktop/automation.xlsx
at org.apache.poi.ss.usermodel.WorkbookFactory.create(WorkbookFactory.java:317)
at org.apache.poi.ss.usermodel.WorkbookFactory.create(WorkbookFactory.java:295)
at org.apache.poi.ss.usermodel.WorkbookFactory.create(WorkbookFactory.java:276)
at com.qa.util.ExcelReader.getWorkBook(ExcelReader.java:44)
at com.qa.util.ExcelReader.getSheetByName(ExcelReader.java:34)
at com.qa.util.ExcelReader.getData(ExcelReader.java:23)
at parallel.ContactUsSteps.user_fills_the_form_from_given_sheetname_and_rownumber(ContactUsSteps.java:32)
at ✽.user fills the form from given sheetname "contactus" and rownumber 3(file:///Users/khaledhasan/Desktop/Java_Github/Frame_Work/CucumberPOMSeries/src/test/resources/parallel/ContactUs.feature:5)
]]>
            </full-stacktrace>
          </exception> <!-- java.io.FileNotFoundException -->
          <reporter-output>
          </reporter-output>
        </test-method> <!-- runScenario -->
        <test-method signature="runScenario(io.cucumber.testng.PickleWrapper, io.cucumber.testng.FeatureWrapper)[pri:0, instance:parallel.ParallelRun@319b92f3]" started-at="2021-01-30T19:33:45Z" name="runScenario" description="Runs Cucumber Scenarios" data-provider="scenarios" finished-at="2021-01-30T19:33:55Z" duration-ms="10529" status="FAIL">
          <params>
            <param index="0">
              <value>
                <![CDATA["Contact Us scenario with different set of data"]]>
              </value>
            </param>
            <param index="1">
              <value>
                <![CDATA["Optional[Contact Us Feature]"]]>
              </value>
            </param>
          </params>
          <exception class="java.io.FileNotFoundException">
            <message>
              <![CDATA[/Users/naveenautomationlabs/Desktop/automation.xlsx]]>
            </message>
            <full-stacktrace>
              <![CDATA[java.io.FileNotFoundException: /Users/naveenautomationlabs/Desktop/automation.xlsx
at org.apache.poi.ss.usermodel.WorkbookFactory.create(WorkbookFactory.java:317)
at org.apache.poi.ss.usermodel.WorkbookFactory.create(WorkbookFactory.java:295)
at org.apache.poi.ss.usermodel.WorkbookFactory.create(WorkbookFactory.java:276)
at com.qa.util.ExcelReader.getWorkBook(ExcelReader.java:44)
at com.qa.util.ExcelReader.getSheetByName(ExcelReader.java:34)
at com.qa.util.ExcelReader.getData(ExcelReader.java:23)
at parallel.ContactUsSteps.user_fills_the_form_from_given_sheetname_and_rownumber(ContactUsSteps.java:32)
at ✽.user fills the form from given sheetname "contactus" and rownumber 2(file:///Users/khaledhasan/Desktop/Java_Github/Frame_Work/CucumberPOMSeries/src/test/resources/parallel/ContactUs.feature:5)
]]>
            </full-stacktrace>
          </exception> <!-- java.io.FileNotFoundException -->
          <reporter-output>
          </reporter-output>
        </test-method> <!-- runScenario -->
        <test-method signature="runScenario(io.cucumber.testng.PickleWrapper, io.cucumber.testng.FeatureWrapper)[pri:0, instance:parallel.ParallelRun@319b92f3]" started-at="2021-01-30T19:33:45Z" name="runScenario" description="Runs Cucumber Scenarios" data-provider="scenarios" finished-at="2021-01-30T19:33:57Z" duration-ms="11951" status="PASS">
          <params>
            <param index="0">
              <value>
                <![CDATA["Accounts page title"]]>
              </value>
            </param>
            <param index="1">
              <value>
                <![CDATA["Optional[Account Page Feature]"]]>
              </value>
            </param>
          </params>
          <reporter-output>
          </reporter-output>
        </test-method> <!-- runScenario -->
        <test-method signature="runScenario(io.cucumber.testng.PickleWrapper, io.cucumber.testng.FeatureWrapper)[pri:0, instance:parallel.ParallelRun@319b92f3]" started-at="2021-01-30T19:33:45Z" name="runScenario" description="Runs Cucumber Scenarios" data-provider="scenarios" finished-at="2021-01-30T19:33:55Z" duration-ms="10395" status="FAIL">
          <params>
            <param index="0">
              <value>
                <![CDATA["Contact Us scenario with different set of data"]]>
              </value>
            </param>
            <param index="1">
              <value>
                <![CDATA["Optional[Contact Us Feature]"]]>
              </value>
            </param>
          </params>
          <exception class="java.io.FileNotFoundException">
            <message>
              <![CDATA[/Users/naveenautomationlabs/Desktop/automation.xlsx]]>
            </message>
            <full-stacktrace>
              <![CDATA[java.io.FileNotFoundException: /Users/naveenautomationlabs/Desktop/automation.xlsx
at org.apache.poi.ss.usermodel.WorkbookFactory.create(WorkbookFactory.java:317)
at org.apache.poi.ss.usermodel.WorkbookFactory.create(WorkbookFactory.java:295)
at org.apache.poi.ss.usermodel.WorkbookFactory.create(WorkbookFactory.java:276)
at com.qa.util.ExcelReader.getWorkBook(ExcelReader.java:44)
at com.qa.util.ExcelReader.getSheetByName(ExcelReader.java:34)
at com.qa.util.ExcelReader.getData(ExcelReader.java:23)
at parallel.ContactUsSteps.user_fills_the_form_from_given_sheetname_and_rownumber(ContactUsSteps.java:32)
at ✽.user fills the form from given sheetname "contactus" and rownumber 4(file:///Users/khaledhasan/Desktop/Java_Github/Frame_Work/CucumberPOMSeries/src/test/resources/parallel/ContactUs.feature:5)
]]>
            </full-stacktrace>
          </exception> <!-- java.io.FileNotFoundException -->
          <reporter-output>
          </reporter-output>
        </test-method> <!-- runScenario -->
        <test-method signature="runScenario(io.cucumber.testng.PickleWrapper, io.cucumber.testng.FeatureWrapper)[pri:0, instance:parallel.ParallelRun@319b92f3]" started-at="2021-01-30T19:33:45Z" name="runScenario" description="Runs Cucumber Scenarios" data-provider="scenarios" finished-at="2021-01-30T19:33:56Z" duration-ms="11489" status="FAIL">
          <params>
            <param index="0">
              <value>
                <![CDATA["Contact Us scenario with different set of data"]]>
              </value>
            </param>
            <param index="1">
              <value>
                <![CDATA["Optional[Contact Us Feature]"]]>
              </value>
            </param>
          </params>
          <exception class="java.io.FileNotFoundException">
            <message>
              <![CDATA[/Users/naveenautomationlabs/Desktop/automation.xlsx]]>
            </message>
            <full-stacktrace>
              <![CDATA[java.io.FileNotFoundException: /Users/naveenautomationlabs/Desktop/automation.xlsx
at org.apache.poi.ss.usermodel.WorkbookFactory.create(WorkbookFactory.java:317)
at org.apache.poi.ss.usermodel.WorkbookFactory.create(WorkbookFactory.java:295)
at org.apache.poi.ss.usermodel.WorkbookFactory.create(WorkbookFactory.java:276)
at com.qa.util.ExcelReader.getWorkBook(ExcelReader.java:44)
at com.qa.util.ExcelReader.getSheetByName(ExcelReader.java:34)
at com.qa.util.ExcelReader.getData(ExcelReader.java:23)
at parallel.ContactUsSteps.user_fills_the_form_from_given_sheetname_and_rownumber(ContactUsSteps.java:32)
at ✽.user fills the form from given sheetname "contactus" and rownumber 1(file:///Users/khaledhasan/Desktop/Java_Github/Frame_Work/CucumberPOMSeries/src/test/resources/parallel/ContactUs.feature:5)
]]>
            </full-stacktrace>
          </exception> <!-- java.io.FileNotFoundException -->
          <reporter-output>
          </reporter-output>
        </test-method> <!-- runScenario -->
        <test-method signature="runScenario(io.cucumber.testng.PickleWrapper, io.cucumber.testng.FeatureWrapper)[pri:0, instance:parallel.ParallelRun@319b92f3]" started-at="2021-01-30T19:33:45Z" name="runScenario" description="Runs Cucumber Scenarios" data-provider="scenarios" finished-at="2021-01-30T19:33:55Z" duration-ms="10366" status="FAIL">
          <params>
            <param index="0">
              <value>
                <![CDATA["Contact Us scenario with different set of data"]]>
              </value>
            </param>
            <param index="1">
              <value>
                <![CDATA["Optional[Contact Us Feature]"]]>
              </value>
            </param>
          </params>
          <exception class="java.io.FileNotFoundException">
            <message>
              <![CDATA[/Users/naveenautomationlabs/Desktop/automation.xlsx]]>
            </message>
            <full-stacktrace>
              <![CDATA[java.io.FileNotFoundException: /Users/naveenautomationlabs/Desktop/automation.xlsx
at org.apache.poi.ss.usermodel.WorkbookFactory.create(WorkbookFactory.java:317)
at org.apache.poi.ss.usermodel.WorkbookFactory.create(WorkbookFactory.java:295)
at org.apache.poi.ss.usermodel.WorkbookFactory.create(WorkbookFactory.java:276)
at com.qa.util.ExcelReader.getWorkBook(ExcelReader.java:44)
at com.qa.util.ExcelReader.getSheetByName(ExcelReader.java:34)
at com.qa.util.ExcelReader.getData(ExcelReader.java:23)
at parallel.ContactUsSteps.user_fills_the_form_from_given_sheetname_and_rownumber(ContactUsSteps.java:32)
at ✽.user fills the form from given sheetname "contactus" and rownumber 0(file:///Users/khaledhasan/Desktop/Java_Github/Frame_Work/CucumberPOMSeries/src/test/resources/parallel/ContactUs.feature:5)
]]>
            </full-stacktrace>
          </exception> <!-- java.io.FileNotFoundException -->
          <reporter-output>
          </reporter-output>
        </test-method> <!-- runScenario -->
        <test-method signature="runScenario(io.cucumber.testng.PickleWrapper, io.cucumber.testng.FeatureWrapper)[pri:0, instance:parallel.ParallelRun@319b92f3]" started-at="2021-01-30T19:33:45Z" name="runScenario" description="Runs Cucumber Scenarios" data-provider="scenarios" finished-at="2021-01-30T19:33:58Z" duration-ms="12715" status="FAIL">
          <params>
            <param index="0">
              <value>
                <![CDATA["Accounts section count"]]>
              </value>
            </param>
            <param index="1">
              <value>
                <![CDATA["Optional[Account Page Feature]"]]>
              </value>
            </param>
          </params>
          <exception class="java.lang.AssertionError">
            <full-stacktrace>
              <![CDATA[java.lang.AssertionError
at org.junit.Assert.fail(Assert.java:87)
at org.junit.Assert.assertTrue(Assert.java:42)
at org.junit.Assert.assertTrue(Assert.java:53)
at parallel.AccountsPageSteps.accounts_section_count_should_be(AccountsPageSteps.java:55)
at ✽.accounts section count should be 6(file:///Users/khaledhasan/Desktop/Java_Github/Frame_Work/CucumberPOMSeries/src/test/resources/parallel/AccountsPage.feature:24)
]]>
            </full-stacktrace>
          </exception> <!-- java.lang.AssertionError -->
          <reporter-output>
          </reporter-output>
        </test-method> <!-- runScenario -->
        <test-method signature="runScenario(io.cucumber.testng.PickleWrapper, io.cucumber.testng.FeatureWrapper)[pri:0, instance:parallel.ParallelRun@319b92f3]" started-at="2021-01-30T19:33:45Z" name="runScenario" description="Runs Cucumber Scenarios" data-provider="scenarios" finished-at="2021-01-30T19:33:54Z" duration-ms="8895" status="PASS">
          <params>
            <param index="0">
              <value>
                <![CDATA["Forgot Password link"]]>
              </value>
            </param>
            <param index="1">
              <value>
                <![CDATA["Optional[Login page feature]"]]>
              </value>
            </param>
          </params>
          <reporter-output>
          </reporter-output>
        </test-method> <!-- runScenario -->
        <test-method signature="runScenario(io.cucumber.testng.PickleWrapper, io.cucumber.testng.FeatureWrapper)[pri:0, instance:parallel.ParallelRun@319b92f3]" started-at="2021-01-30T19:33:45Z" name="runScenario" description="Runs Cucumber Scenarios" data-provider="scenarios" finished-at="2021-01-30T19:33:55Z" duration-ms="10240" status="FAIL">
          <params>
            <param index="0">
              <value>
                <![CDATA["Contact Us scenario with different set of data"]]>
              </value>
            </param>
            <param index="1">
              <value>
                <![CDATA["Optional[Contact Us Feature]"]]>
              </value>
            </param>
          </params>
          <exception class="java.io.FileNotFoundException">
            <message>
              <![CDATA[/Users/naveenautomationlabs/Desktop/automation.xlsx]]>
            </message>
            <full-stacktrace>
              <![CDATA[java.io.FileNotFoundException: /Users/naveenautomationlabs/Desktop/automation.xlsx
at org.apache.poi.ss.usermodel.WorkbookFactory.create(WorkbookFactory.java:317)
at org.apache.poi.ss.usermodel.WorkbookFactory.create(WorkbookFactory.java:295)
at org.apache.poi.ss.usermodel.WorkbookFactory.create(WorkbookFactory.java:276)
at com.qa.util.ExcelReader.getWorkBook(ExcelReader.java:44)
at com.qa.util.ExcelReader.getSheetByName(ExcelReader.java:34)
at com.qa.util.ExcelReader.getData(ExcelReader.java:23)
at parallel.ContactUsSteps.user_fills_the_form_from_given_sheetname_and_rownumber(ContactUsSteps.java:32)
at ✽.user fills the form from given sheetname "contactus" and rownumber 5(file:///Users/khaledhasan/Desktop/Java_Github/Frame_Work/CucumberPOMSeries/src/test/resources/parallel/ContactUs.feature:5)
]]>
            </full-stacktrace>
          </exception> <!-- java.io.FileNotFoundException -->
          <reporter-output>
          </reporter-output>
        </test-method> <!-- runScenario -->
        <test-method signature="runScenario(io.cucumber.testng.PickleWrapper, io.cucumber.testng.FeatureWrapper)[pri:0, instance:parallel.ParallelRun@319b92f3]" started-at="2021-01-30T19:33:45Z" name="runScenario" description="Runs Cucumber Scenarios" data-provider="scenarios" finished-at="2021-01-30T19:33:54Z" duration-ms="9084" status="PASS">
          <params>
            <param index="0">
              <value>
                <![CDATA["Login page title"]]>
              </value>
            </param>
            <param index="1">
              <value>
                <![CDATA["Optional[Login page feature]"]]>
              </value>
            </param>
          </params>
          <reporter-output>
          </reporter-output>
        </test-method> <!-- runScenario -->
        <test-method signature="runScenario(io.cucumber.testng.PickleWrapper, io.cucumber.testng.FeatureWrapper)[pri:0, instance:parallel.ParallelRun@319b92f3]" started-at="2021-01-30T19:33:54Z" name="runScenario" description="Runs Cucumber Scenarios" data-provider="scenarios" finished-at="2021-01-30T19:34:01Z" duration-ms="7023" status="PASS">
          <params>
            <param index="0">
              <value>
                <![CDATA["Login with correct credentials"]]>
              </value>
            </param>
            <param index="1">
              <value>
                <![CDATA["Optional[Login page feature]"]]>
              </value>
            </param>
          </params>
          <reporter-output>
          </reporter-output>
        </test-method> <!-- runScenario -->
        <test-method signature="runScenario(io.cucumber.testng.PickleWrapper, io.cucumber.testng.FeatureWrapper)[pri:0, instance:parallel.ParallelRun@319b92f3]" started-at="2021-01-30T19:33:54Z" name="runScenario" description="Runs Cucumber Scenarios" data-provider="scenarios" finished-at="2021-01-30T19:34:01Z" duration-ms="6648" status="PASS">
          <params>
            <param index="0">
              <value>
                <![CDATA["Accounts page title"]]>
              </value>
            </param>
            <param index="1">
              <value>
                <![CDATA["Optional[Account Page Feature]"]]>
              </value>
            </param>
          </params>
          <reporter-output>
          </reporter-output>
        </test-method> <!-- runScenario -->
        <test-method signature="runScenario(io.cucumber.testng.PickleWrapper, io.cucumber.testng.FeatureWrapper)[pri:0, instance:parallel.ParallelRun@319b92f3]" started-at="2021-01-30T19:33:55Z" name="runScenario" description="Runs Cucumber Scenarios" data-provider="scenarios" finished-at="2021-01-30T19:34:01Z" duration-ms="5783" status="PASS">
          <params>
            <param index="0">
              <value>
                <![CDATA["Accounts section count"]]>
              </value>
            </param>
            <param index="1">
              <value>
                <![CDATA["Optional[Account Page Feature]"]]>
              </value>
            </param>
          </params>
          <reporter-output>
          </reporter-output>
        </test-method> <!-- runScenario -->
        <test-method is-config="true" signature="tearDownClass()[pri:0, instance:parallel.ParallelRun@319b92f3]" started-at="2021-01-30T19:34:01Z" name="tearDownClass" finished-at="2021-01-30T19:34:14Z" duration-ms="13364" status="PASS">
          <reporter-output>
          </reporter-output>
        </test-method> <!-- tearDownClass -->
      </class> <!-- parallel.ParallelRun -->
    </test> <!-- Surefire test -->
  </suite> <!-- Surefire suite -->
</testng-results>
