<?xml version="1.0" encoding="UTF-8"?>
<testsuite xmlns:xsi="http://www.w3.org/2001/XMLSchema-instance" xsi:noNamespaceSchemaLocation="https://maven.apache.org/surefire/maven-surefire-plugin/xsd/surefire-test-report.xsd" name="parallel.ParallelRun" time="30.328" tests="13" errors="0" skipped="0" failures="7">
  <properties>
[...]
</properties>
  <testcase name="runScenario" classname="parallel.ParallelRun" time="8.897"/>
  <testcase name="runScenario" classname="parallel.ParallelRun" time="0.185"/>
  <testcase name="runScenario" classname="parallel.ParallelRun" time="1.173">
    <failure message="/Users/naveenautomationlabs/Desktop/automation.xlsx" type="java.io.FileNotFoundException">java.io.FileNotFoundException: /Users/naveenautomationlabs/Desktop/automation.xlsx
</failure>
    <system-out><![CDATA[  Given user navigates to contact us page                                                   # parallel.ContactUsSteps.user_navigates_to_contact_us_page()

@accounts
Scenario: Accounts page title                                         # src/test/resources/parallel/acc.feature:9
  When user fills the form from given sheetname "contactus" and rownumber 3                 # parallel.ContactUsSteps.user_fills_the_form_from_given_sheetname_and_rownumber(java.lang.String,java.lang.Integer)
      java.io.FileNotFoundException: /Users/naveenautomationlabs/Desktop/automation.xlsx
	at org.apache.poi.ss.usermodel.WorkbookFactory.create(WorkbookFactory.java:317)
	at org.apache.poi.ss.usermodel.WorkbookFactory.create(WorkbookFactory.java:295)
	at org.apache.poi.ss.usermodel.WorkbookFactory.create(WorkbookFactory.java:276)
	at com.qa.util.ExcelReader.getWorkBook(ExcelReader.java:44)
	at com.qa.util.ExcelReader.getSheetByName(ExcelReader.java:34)
	at com.qa.util.ExcelReader.getData(ExcelReader.java:23)
	at parallel.ContactUsSteps.user_fills_the_form_from_given_sheetname_and_rownumber(ContactUsSteps.java:32)
	at ✽.user fills the form from given sheetname "contactus" and rownumber 3(file:///Users/khaledhasan/Desktop/Java_Github/Frame_Work/CucumberPOMSeries/src/test/resources/parallel/ContactUs.feature:5)

  And user clicks on send button                                                            # parallel.ContactUsSteps.user_clicks_on_send_button()
  Then it shows a successful message "Your message has been successfully sent to our team." # parallel.ContactUsSteps.it_shows_a_successful_message(java.lang.String)
browser value is: chrome
  Given user navigates to contact us page                                                   # parallel.ContactUsSteps.user_navigates_to_contact_us_page()
  When user fills the form from given sheetname "contactus" and rownumber 1                 # parallel.ContactUsSteps.user_fills_the_form_from_given_sheetname_and_rownumber(java.lang.String,java.lang.Integer)
      java.io.FileNotFoundException: /Users/naveenautomationlabs/Desktop/automation.xlsx
	at org.apache.poi.ss.usermodel.WorkbookFactory.create(WorkbookFactory.java:317)
	at org.apache.poi.ss.usermodel.WorkbookFactory.create(WorkbookFactory.java:295)
	at org.apache.poi.ss.usermodel.WorkbookFactory.create(WorkbookFactory.java:276)
	at com.qa.util.ExcelReader.getWorkBook(ExcelReader.java:44)
	at com.qa.util.ExcelReader.getSheetByName(ExcelReader.java:34)
	at com.qa.util.ExcelReader.getData(ExcelReader.java:23)
	at parallel.ContactUsSteps.user_fills_the_form_from_given_sheetname_and_rownumber(ContactUsSteps.java:32)
	at ✽.user fills the form from given sheetname "contactus" and rownumber 1(file:///Users/khaledhasan/Desktop/Java_Github/Frame_Work/CucumberPOMSeries/src/test/resources/parallel/ContactUs.feature:5)

  And user clicks on send button                                                            # parallel.ContactUsSteps.user_clicks_on_send_button()
  Then it shows a successful message "Your message has been successfully sent to our team." # parallel.ContactUsSteps.it_shows_a_successful_message(java.lang.String)

    Embedding Contact_Us_scenario_with_different_set_of_data [image/png 422727 bytes]


    Embedding Contact_Us_scenario_with_different_set_of_data [image/png 422727 bytes]


    Embedding Contact_Us_scenario_with_different_set_of_data [image/png 422716 bytes]

]]></system-out>
    <system-err><![CDATA[Starting ChromeDriver 88.0.4324.96 (68dba2d8a0b149a1d3afac56fa74648032bcf46b-refs/branch-heads/4324@{#1784}) on port 15000
Only local connections are allowed.
Please see https://chromedriver.chromium.org/security-considerations for suggestions on keeping ChromeDriver safe.
ChromeDriver was started successfully.
]]></system-err>
  </testcase>
  <testcase name="runScenario" classname="parallel.ParallelRun" time="0.108">
    <failure message="/Users/naveenautomationlabs/Desktop/automation.xlsx" type="java.io.FileNotFoundException">java.io.FileNotFoundException: /Users/naveenautomationlabs/Desktop/automation.xlsx
</failure>
    <system-out><![CDATA[
@accounts
Scenario: Accounts section count                  # src/test/resources/parallel/acc.feature:15
browser value is: chrome
]]></system-out>
    <system-err><![CDATA[Starting ChromeDriver 88.0.4324.96 (68dba2d8a0b149a1d3afac56fa74648032bcf46b-refs/branch-heads/4324@{#1784}) on port 14335
Only local connections are allowed.
Please see https://chromedriver.chromium.org/security-considerations for suggestions on keeping ChromeDriver safe.
ChromeDriver was started successfully.
]]></system-err>
  </testcase>
  <testcase name="runScenario" classname="parallel.ParallelRun" time="0.137">
    <failure message="/Users/naveenautomationlabs/Desktop/automation.xlsx" type="java.io.FileNotFoundException">java.io.FileNotFoundException: /Users/naveenautomationlabs/Desktop/automation.xlsx
</failure>
  </testcase>
  <testcase name="runScenario" classname="parallel.ParallelRun" time="0.27">
    <failure message="/Users/naveenautomationlabs/Desktop/automation.xlsx" type="java.io.FileNotFoundException">java.io.FileNotFoundException: /Users/naveenautomationlabs/Desktop/automation.xlsx
</failure>
    <system-out><![CDATA[
    Embedding Contact_Us_scenario_with_different_set_of_data [image/png 422716 bytes]

]]></system-out>
  </testcase>
  <testcase name="runScenario" classname="parallel.ParallelRun" time="0.431">
    <failure message="/Users/naveenautomationlabs/Desktop/automation.xlsx" type="java.io.FileNotFoundException">java.io.FileNotFoundException: /Users/naveenautomationlabs/Desktop/automation.xlsx
</failure>
    <system-out><![CDATA[
    Embedding Contact_Us_scenario_with_different_set_of_data [image/png 423481 bytes]

]]></system-out>
  </testcase>
  <testcase name="runScenario" classname="parallel.ParallelRun" time="1.232">
    <failure message="/Users/naveenautomationlabs/Desktop/automation.xlsx" type="java.io.FileNotFoundException">java.io.FileNotFoundException: /Users/naveenautomationlabs/Desktop/automation.xlsx
</failure>
    <system-out><![CDATA[
    Embedding Contact_Us_scenario_with_different_set_of_data [image/png 422727 bytes]

]]></system-out>
    <system-err><![CDATA[Jan 30, 2021 2:33:56 PM org.openqa.selenium.remote.ProtocolHandshake createSession
INFO: Detected dialect: W3C
Jan 30, 2021 2:33:56 PM org.openqa.selenium.remote.ProtocolHandshake createSession
INFO: Detected dialect: W3C
]]></system-err>
  </testcase>
  <testcase name="runScenario" classname="parallel.ParallelRun" time="1.693"/>
  <testcase name="runScenario" classname="parallel.ParallelRun" time="2.456">
    <failure type="java.lang.AssertionError">java.lang.AssertionError
</failure>
    <system-out><![CDATA[MY CREDIT SLIPS
MY ADDRESSES
MY PERSONAL INFORMATION
MY WISHLISTS
Home
Actual accounts section list: [ORDER HISTORY AND DETAILS, MY CREDIT SLIPS, MY ADDRESSES, MY PERSONAL INFORMATION, MY WISHLISTS, Home]
  Then user gets accounts section                 # parallel.AccountsPageSteps.user_gets_accounts_section(io.cucumber.datatable.DataTable)
  And accounts section count should be 6          # parallel.AccountsPageSteps.accounts_section_count_should_be(java.lang.Integer)
      java.lang.AssertionError
	at org.junit.Assert.fail(Assert.java:87)
	at org.junit.Assert.assertTrue(Assert.java:42)
	at org.junit.Assert.assertTrue(Assert.java:53)
	at parallel.AccountsPageSteps.accounts_section_count_should_be(AccountsPageSteps.java:55)
	at ✽.accounts section count should be 6(file:///Users/khaledhasan/Desktop/Java_Github/Frame_Work/CucumberPOMSeries/src/test/resources/parallel/AccountsPage.feature:24)


    Embedding Accounts_section_count [image/png 457350 bytes]

]]></system-out>
  </testcase>
  <testcase name="runScenario" classname="parallel.ParallelRun" time="5.475"/>
  <testcase name="runScenario" classname="parallel.ParallelRun" time="5.662"/>
  <testcase name="runScenario" classname="parallel.ParallelRun" time="5.778"/>
</testsuite>